<?xml version="1.0" encoding="UTF-8"?>
<!-- Generated by org.testng.reporters.JUnitReportReporter -->
<testsuite hostname="DELL-M7HRPQSS6U" failures="0" tests="1" name="amz_test.testcase11" time="8.268" errors="0" timestamp="2024-09-19T14:00:31 IST" skipped="0">
  <testcase classname="amz_test.testcase11" name="login_to_facebook" time="8.268"/>
  <system-out/>
</testsuite> <!-- amz_test.testcase11 -->
