<?xml version="1.0" encoding="UTF-8"?>
<!-- Generated by org.testng.reporters.JUnitReportReporter -->
<testsuite hostname="DELL-M7HRPQSS6U" failures="0" tests="1" name="proj1_test_1.test15" time="5.957" errors="0" timestamp="2024-09-24T14:41:28 IST" skipped="0">
  <testcase classname="proj1_test_1.test15" name="Login_To_Amazon" time="5.957"/>
  <system-out/>
</testsuite> <!-- proj1_test_1.test15 -->
