<?xml version="1.0" encoding="UTF-8"?>
<!-- Generated by org.testng.reporters.JUnitReportReporter -->
<testsuite hostname="DELL-M7HRPQSS6U" failures="0" tests="1" name="proj1_test_1.test1" time="5.762" errors="0" timestamp="2024-09-24T08:50:03 IST" skipped="0">
  <testcase classname="proj1_test_1.test1" name="Register_On_Amazon" time="5.762"/>
  <system-out/>
</testsuite> <!-- proj1_test_1.test1 -->
