<?xml version="1.0" encoding="UTF-8"?>
<!-- Generated by org.testng.reporters.JUnitReportReporter -->
<testsuite hostname="DELL-M7HRPQSS6U" failures="0" tests="1" name="fb_test.Testcase1" time="3.282" errors="0" timestamp="2024-09-19T23:06:56 IST" skipped="0">
  <testcase classname="fb_test.Testcase1" name="login_to_facebook" time="3.282"/>
</testsuite> <!-- fb_test.Testcase1 -->
